<?xml version="1.0" encoding="UTF-8"?>
<!-- Generated by org.testng.reporters.JUnitReportReporter -->
<testsuite hostname="LAPTOP-3IK4T82S" failures="0" tests="1" name="CreateAuthTest" time="2.016" errors="0" timestamp="2025-02-27T00:24:37 EET" skipped="0">
  <testcase classname="CreateAuthTest" name="AuthCreationtest" time="2.016"/>
  <system-out/>
</testsuite> <!-- CreateAuthTest -->
